<?xml version="1.0" encoding="UTF-8"?>
<!-- Generated by org.testng.reporters.JUnitReportReporter -->
<testsuite skipped="0" hostname="NIRANJAN" name="loginTests.AppTest" tests="2" failures="0" timestamp="2021-09-27T11:14:30 IST" time="0.158" errors="0">
  <testcase name="InvalidLoginTest" time="0.158" classname="loginTests.AppTest"/>
  <system-out/>
  <testcase name="validLoginTest" time="0.000" classname="loginTests.AppTest"/>
  <system-out/>
</testsuite> <!-- loginTests.AppTest -->
