<?xml version="1.0" encoding="UTF-8"?>
<!-- Generated by org.testng.reporters.JUnitReportReporter -->
<testsuite skipped="0" hostname="NIRANJAN" name="loginTests.ComparisionTc" tests="1" failures="0" timestamp="2021-09-27T11:14:30 IST" time="0.000" errors="0">
  <testcase name="compare" time="0.000" classname="loginTests.ComparisionTc"/>
  <system-out/>
</testsuite> <!-- loginTests.ComparisionTc -->
