<?xml version="1.0" encoding="UTF-8"?>
<!-- Generated by org.testng.reporters.JUnitReportReporter -->
<testsuite skipped="0" hostname="NIRANJAN" name="loginTests.UdemyLogin" tests="1" failures="0" timestamp="2021-09-27T11:53:12 IST" time="9.547" errors="0">
  <testcase name="dologin" time="9.547" classname="loginTests.UdemyLogin"/>
  <system-out/>
</testsuite> <!-- loginTests.UdemyLogin -->
